<?xml version="1.0" encoding="UTF-8" ?>
<testsuite tests="6" failures="0" name="com.unknownshop.dao.UserDAOTest" time="1.51" errors="0" skipped="0">
  <properties>
[...]
</properties>
  <testcase classname="com.unknownshop.dao.UserDAOTest" name="testSelectBySql" time="1.495"/>
  <testcase classname="com.unknownshop.dao.UserDAOTest" name="testGetList" time="0.002"/>
  <testcase classname="com.unknownshop.dao.UserDAOTest" name="testInsertEmailMatch" time="0.006"/>
  <testcase classname="com.unknownshop.dao.UserDAOTest" name="testInsertEmptyUser" time="0.001"/>
  <testcase classname="com.unknownshop.dao.UserDAOTest" name="testInsertValidUser" time="0.003"/>
  <testcase classname="com.unknownshop.dao.UserDAOTest" name="testInsertUsernameMatch" time="0.003"/>
</testsuite>